c:\users\matij\source\repos\breakout_klon\breakout_klon\x64\debug\vc143.pdb
c:\users\matij\source\repos\breakout_klon\breakout_klon\x64\debug\vc143.idb
c:\users\matij\source\repos\breakout_klon\breakout_klon\x64\debug\texturemanager.obj
c:\users\matij\source\repos\breakout_klon\breakout_klon\x64\debug\igra.obj
c:\users\matij\source\repos\breakout_klon\breakout_klon\x64\debug\gameobject.obj
c:\users\matij\source\repos\breakout_klon\breakout_klon\x64\debug\graphics.obj
c:\users\matij\source\repos\breakout_klon\breakout_klon\x64\debug\entity.obj
c:\users\matij\source\repos\breakout_klon\breakout_klon\x64\debug\gamemanager.obj
c:\users\matij\source\repos\breakout_klon\breakout_klon\x64\debug\breakoutklon.obj
c:\users\matij\source\repos\breakout_klon\breakout_klon\x64\debug\timermodule.obj
c:\users\matij\source\repos\breakout_klon\breakout_klon\x64\debug\texture.obj
c:\users\matij\source\repos\breakout_klon\breakout_klon\x64\debug\assetmanager.obj
c:\users\matij\source\repos\breakout_klon\breakout_klon\x64\debug\inputmanager.obj
c:\users\matij\source\repos\breakout_klon\breakout_klon\x64\debug\audiomanager.obj
c:\users\matij\source\repos\breakout_klon\breakout_klon\x64\debug\startscreen.obj
c:\users\matij\source\repos\breakout_klon\breakout_klon\x64\debug\animatedtexture.obj
c:\users\matij\source\repos\breakout_klon\breakout_klon\x64\debug\screenmanager.obj
c:\users\matij\source\repos\breakout_klon\breakout_klon\x64\debug\score.obj
c:\users\matij\source\repos\breakout_klon\breakout_klon\x64\debug\playscreen.obj
c:\users\matij\source\repos\breakout_klon\breakout_klon\x64\debug\infobar.obj
c:\users\matij\source\repos\breakout_klon\breakout_klon\x64\debug\player.obj
c:\users\matij\source\repos\breakout_klon\breakout_klon\x64\debug\level.obj
c:\users\matij\source\repos\breakout_klon\breakout_klon\x64\debug\ball.obj
c:\users\matij\source\repos\breakout_klon\breakout_klon\x64\debug\brick.obj
c:\users\matij\source\repos\breakout_klon\breakout_klon\x64\debug\tinyxml2.obj
c:\users\matij\source\repos\breakout_klon\breakout_klon\x64\debug\collider.obj
c:\users\matij\source\repos\breakout_klon\breakout_klon\x64\debug\boxcollider.obj
c:\users\matij\source\repos\breakout_klon\breakout_klon\x64\debug\collisionobject.obj
c:\users\matij\source\repos\breakout_klon\breakout_klon\x64\debug\collisionmanager.obj
c:\users\matij\source\repos\breakout_klon\breakout_klon\x64\debug\circlecollider.obj
c:\users\matij\source\repos\breakout_klon\x64\debug\breakout_klon.exe
c:\users\matij\source\repos\breakout_klon\breakout_klon\x64\debug\breakout_klon.ilk
c:\users\matij\source\repos\breakout_klon\x64\debug\breakout_klon.pdb
c:\users\matij\source\repos\breakout_klon\breakout_klon\x64\debug\map.obj
c:\users\matij\source\repos\breakout_klon\breakout_klon\x64\debug\ball.obj.enc
c:\users\matij\source\repos\breakout_klon\breakout_klon\x64\debug\brick.obj.enc
c:\users\matij\source\repos\breakout_klon\breakout_klon\x64\debug\playscreen.obj.enc
c:\users\matij\source\repos\breakout_klon\breakout_klon\x64\debug\breakout_klon.tlog\cl.command.1.tlog
c:\users\matij\source\repos\breakout_klon\breakout_klon\x64\debug\breakout_klon.tlog\cl.read.1.tlog
c:\users\matij\source\repos\breakout_klon\breakout_klon\x64\debug\breakout_klon.tlog\cl.write.1.tlog
c:\users\matij\source\repos\breakout_klon\breakout_klon\x64\debug\breakout_klon.tlog\link.command.1.tlog
c:\users\matij\source\repos\breakout_klon\breakout_klon\x64\debug\breakout_klon.tlog\link.read.1.tlog
c:\users\matij\source\repos\breakout_klon\breakout_klon\x64\debug\breakout_klon.tlog\link.write.1.tlog
