c:\users\matij\source\repos\breakout_klon\breakout_klon\x64\release\vc143.pdb
c:\users\matij\source\repos\breakout_klon\breakout_klon\x64\release\timermodule.obj
c:\users\matij\source\repos\breakout_klon\breakout_klon\x64\release\texture.obj
c:\users\matij\source\repos\breakout_klon\breakout_klon\x64\release\startscreen.obj
c:\users\matij\source\repos\breakout_klon\breakout_klon\x64\release\screenmanager.obj
c:\users\matij\source\repos\breakout_klon\breakout_klon\x64\release\score.obj
c:\users\matij\source\repos\breakout_klon\breakout_klon\x64\release\playscreen.obj
c:\users\matij\source\repos\breakout_klon\breakout_klon\x64\release\player.obj
c:\users\matij\source\repos\breakout_klon\breakout_klon\x64\release\level.obj
c:\users\matij\source\repos\breakout_klon\breakout_klon\x64\release\inputmanager.obj
c:\users\matij\source\repos\breakout_klon\breakout_klon\x64\release\infobar.obj
c:\users\matij\source\repos\breakout_klon\breakout_klon\x64\release\graphics.obj
c:\users\matij\source\repos\breakout_klon\breakout_klon\x64\release\gameobject.obj
c:\users\matij\source\repos\breakout_klon\breakout_klon\x64\release\gamemanager.obj
c:\users\matij\source\repos\breakout_klon\breakout_klon\x64\release\brick.obj
c:\users\matij\source\repos\breakout_klon\breakout_klon\x64\release\breakoutklon.obj
c:\users\matij\source\repos\breakout_klon\breakout_klon\x64\release\ball.obj
c:\users\matij\source\repos\breakout_klon\breakout_klon\x64\release\audiomanager.obj
c:\users\matij\source\repos\breakout_klon\breakout_klon\x64\release\assetmanager.obj
c:\users\matij\source\repos\breakout_klon\breakout_klon\x64\release\tinyxml2.obj
c:\users\matij\source\repos\breakout_klon\x64\release\breakout_klon.exe
c:\users\matij\source\repos\breakout_klon\breakout_klon\x64\release\breakout_klon.ipdb
c:\users\matij\source\repos\breakout_klon\x64\release\breakout_klon.pdb
c:\users\matij\source\repos\breakout_klon\breakout_klon\x64\release\breakout_klon.iobj
c:\users\matij\source\repos\breakout_klon\breakout_klon\x64\release\breakout_klon.tlog\cl.command.1.tlog
c:\users\matij\source\repos\breakout_klon\breakout_klon\x64\release\breakout_klon.tlog\cl.read.1.tlog
c:\users\matij\source\repos\breakout_klon\breakout_klon\x64\release\breakout_klon.tlog\cl.write.1.tlog
c:\users\matij\source\repos\breakout_klon\breakout_klon\x64\release\breakout_klon.tlog\link.command.1.tlog
c:\users\matij\source\repos\breakout_klon\breakout_klon\x64\release\breakout_klon.tlog\link.read.1.tlog
c:\users\matij\source\repos\breakout_klon\breakout_klon\x64\release\breakout_klon.tlog\link.write.1.tlog
